<?xml version="1.0" encoding="UTF-8"?>
<testsuite name="com.gtb.quiz.answear.AnswearApplicationTests" tests="1" skipped="0" failures="0" errors="0" timestamp="2020-06-21T02:10:46" hostname="Teng-lis-MBP" time="0.364">
  <properties/>
  <testcase name="contextLoads()" classname="com.gtb.quiz.answear.AnswearApplicationTests" time="0.364"/>
  <system-out><![CDATA[10:10:44.123 [Test worker] DEBUG org.springframework.test.context.BootstrapUtils - Instantiating CacheAwareContextLoaderDelegate from class [org.springframework.test.context.cache.DefaultCacheAwareContextLoaderDelegate]
10:10:44.135 [Test worker] DEBUG org.springframework.test.context.BootstrapUtils - Instantiating BootstrapContext using constructor [public org.springframework.test.context.support.DefaultBootstrapContext(java.lang.Class,org.springframework.test.context.CacheAwareContextLoaderDelegate)]
10:10:44.161 [Test worker] DEBUG org.springframework.test.context.BootstrapUtils - Instantiating TestContextBootstrapper for test class [com.gtb.quiz.answear.AnswearApplicationTests] from class [org.springframework.boot.test.context.SpringBootTestContextBootstrapper]
10:10:44.177 [Test worker] INFO org.springframework.boot.test.context.SpringBootTestContextBootstrapper - Neither @ContextConfiguration nor @ContextHierarchy found for test class [com.gtb.quiz.answear.AnswearApplicationTests], using SpringBootContextLoader
10:10:44.181 [Test worker] DEBUG org.springframework.test.context.support.AbstractContextLoader - Did not detect default resource location for test class [com.gtb.quiz.answear.AnswearApplicationTests]: class path resource [com/gtb/quiz/answear/AnswearApplicationTests-context.xml] does not exist
10:10:44.182 [Test worker] DEBUG org.springframework.test.context.support.AbstractContextLoader - Did not detect default resource location for test class [com.gtb.quiz.answear.AnswearApplicationTests]: class path resource [com/gtb/quiz/answear/AnswearApplicationTestsContext.groovy] does not exist
10:10:44.182 [Test worker] INFO org.springframework.test.context.support.AbstractContextLoader - Could not detect default resource locations for test class [com.gtb.quiz.answear.AnswearApplicationTests]: no resource found for suffixes {-context.xml, Context.groovy}.
10:10:44.183 [Test worker] INFO org.springframework.test.context.support.AnnotationConfigContextLoaderUtils - Could not detect default configuration classes for test class [com.gtb.quiz.answear.AnswearApplicationTests]: AnswearApplicationTests does not declare any static, non-private, non-final, nested classes annotated with @Configuration.
10:10:44.223 [Test worker] DEBUG org.springframework.test.context.support.ActiveProfilesUtils - Could not find an 'annotation declaring class' for annotation type [org.springframework.test.context.ActiveProfiles] and class [com.gtb.quiz.answear.AnswearApplicationTests]
10:10:44.276 [Test worker] DEBUG org.springframework.context.annotation.ClassPathScanningCandidateComponentProvider - Identified candidate component class: file [/Users/teng.li2/B-basic-quiz/build/classes/java/main/com/gtb/quiz/answear/AnswearApplication.class]
10:10:44.286 [Test worker] INFO org.springframework.boot.test.context.SpringBootTestContextBootstrapper - Found @SpringBootConfiguration com.gtb.quiz.answear.AnswearApplication for test class com.gtb.quiz.answear.AnswearApplicationTests
10:10:44.381 [Test worker] DEBUG org.springframework.boot.test.context.SpringBootTestContextBootstrapper - @TestExecutionListeners is not present for class [com.gtb.quiz.answear.AnswearApplicationTests]: using defaults.
10:10:44.381 [Test worker] INFO org.springframework.boot.test.context.SpringBootTestContextBootstrapper - Loaded default TestExecutionListener class names from location [META-INF/spring.factories]: [org.springframework.boot.test.autoconfigure.restdocs.RestDocsTestExecutionListener, org.springframework.boot.test.autoconfigure.web.client.MockRestServiceServerResetTestExecutionListener, org.springframework.boot.test.autoconfigure.web.servlet.MockMvcPrintOnlyOnFailureTestExecutionListener, org.springframework.boot.test.autoconfigure.web.servlet.WebDriverTestExecutionListener, org.springframework.boot.test.autoconfigure.webservices.client.MockWebServiceServerTestExecutionListener, org.springframework.boot.test.mock.mockito.MockitoTestExecutionListener, org.springframework.boot.test.mock.mockito.ResetMocksTestExecutionListener, org.springframework.test.context.web.ServletTestExecutionListener, org.springframework.test.context.support.DirtiesContextBeforeModesTestExecutionListener, org.springframework.test.context.support.DependencyInjectionTestExecutionListener, org.springframework.test.context.support.DirtiesContextTestExecutionListener, org.springframework.test.context.transaction.TransactionalTestExecutionListener, org.springframework.test.context.jdbc.SqlScriptsTestExecutionListener, org.springframework.test.context.event.EventPublishingTestExecutionListener]
10:10:44.392 [Test worker] DEBUG org.springframework.boot.test.context.SpringBootTestContextBootstrapper - Skipping candidate TestExecutionListener [org.springframework.test.context.transaction.TransactionalTestExecutionListener] due to a missing dependency. Specify custom listener classes or make the default listener classes and their required dependencies available. Offending class: [org/springframework/transaction/interceptor/TransactionAttributeSource]
10:10:44.393 [Test worker] DEBUG org.springframework.boot.test.context.SpringBootTestContextBootstrapper - Skipping candidate TestExecutionListener [org.springframework.test.context.jdbc.SqlScriptsTestExecutionListener] due to a missing dependency. Specify custom listener classes or make the default listener classes and their required dependencies available. Offending class: [org/springframework/transaction/interceptor/TransactionAttribute]
10:10:44.393 [Test worker] INFO org.springframework.boot.test.context.SpringBootTestContextBootstrapper - Using TestExecutionListeners: [org.springframework.test.context.web.ServletTestExecutionListener@36e09fed, org.springframework.test.context.support.DirtiesContextBeforeModesTestExecutionListener@5e91a2c8, org.springframework.boot.test.mock.mockito.MockitoTestExecutionListener@429e9c44, org.springframework.boot.test.autoconfigure.SpringBootDependencyInjectionTestExecutionListener@1a2dd7cd, org.springframework.test.context.support.DirtiesContextTestExecutionListener@28003c92, org.springframework.test.context.event.EventPublishingTestExecutionListener@7bd45cb8, org.springframework.boot.test.autoconfigure.restdocs.RestDocsTestExecutionListener@4d9e933a, org.springframework.boot.test.autoconfigure.web.client.MockRestServiceServerResetTestExecutionListener@3979b6fb, org.springframework.boot.test.autoconfigure.web.servlet.MockMvcPrintOnlyOnFailureTestExecutionListener@10b4f9ea, org.springframework.boot.test.autoconfigure.web.servlet.WebDriverTestExecutionListener@495c56d8, org.springframework.boot.test.autoconfigure.webservices.client.MockWebServiceServerTestExecutionListener@70e20b8a, org.springframework.boot.test.mock.mockito.ResetMocksTestExecutionListener@4d8a503]
10:10:44.396 [Test worker] DEBUG org.springframework.test.context.support.AbstractDirtiesContextTestExecutionListener - Before test class: context [DefaultTestContext@5e13291d testClass = AnswearApplicationTests, testInstance = [null], testMethod = [null], testException = [null], mergedContextConfiguration = [WebMergedContextConfiguration@17ff361f testClass = AnswearApplicationTests, locations = '{}', classes = '{class com.gtb.quiz.answear.AnswearApplication}', contextInitializerClasses = '[]', activeProfiles = '{}', propertySourceLocations = '{}', propertySourceProperties = '{org.springframework.boot.test.context.SpringBootTestContextBootstrapper=true}', contextCustomizers = set[org.springframework.boot.test.autoconfigure.properties.PropertyMappingContextCustomizer@0, org.springframework.boot.test.autoconfigure.web.servlet.WebDriverContextCustomizerFactory$Customizer@6af1152d, org.springframework.boot.test.context.filter.ExcludeFilterContextCustomizer@6d74d807, org.springframework.boot.test.json.DuplicateJsonObjectContextCustomizerFactory$DuplicateJsonObjectContextCustomizer@576e7a9a, org.springframework.boot.test.mock.mockito.MockitoContextCustomizer@0, org.springframework.boot.test.web.client.TestRestTemplateContextCustomizer@182d73a6, org.springframework.boot.test.context.SpringBootTestArgs@1], resourceBasePath = 'src/main/webapp', contextLoader = 'org.springframework.boot.test.context.SpringBootContextLoader', parent = [null]], attributes = map['org.springframework.test.context.web.ServletTestExecutionListener.activateListener' -> true]], class annotated with @DirtiesContext [false] with mode [null].
10:10:44.420 [Test worker] DEBUG org.springframework.test.context.support.TestPropertySourceUtils - Adding inlined properties to environment: {spring.jmx.enabled=false, org.springframework.boot.test.context.SpringBootTestContextBootstrapper=true}

  .   ____          _            __ _ _
 /\\ / ___'_ __ _ _(_)_ __  __ _ \ \ \ \
( ( )\___ | '_ | '_| | '_ \/ _` | \ \ \ \
 \\/  ___)| |_)| | | | | || (_| |  ) ) ) )
  '  |____| .__|_| |_|_| |_\__, | / / / /
 =========|_|==============|___/=/_/_/_/
 :: Spring Boot ::        (v2.3.1.RELEASE)

2020-06-21 10:10:44.837  INFO 14590 --- [    Test worker] c.g.q.answear.AnswearApplicationTests    : Starting AnswearApplicationTests on Teng-lis-MacBook-Pro.local with PID 14590 (started by teng.li2 in /Users/teng.li2/B-basic-quiz)
2020-06-21 10:10:44.838  INFO 14590 --- [    Test worker] c.g.q.answear.AnswearApplicationTests    : No active profile set, falling back to default profiles: default
2020-06-21 10:10:45.769  INFO 14590 --- [    Test worker] o.s.s.concurrent.ThreadPoolTaskExecutor  : Initializing ExecutorService 'applicationTaskExecutor'
2020-06-21 10:10:45.994  INFO 14590 --- [    Test worker] c.g.q.answear.AnswearApplicationTests    : Started AnswearApplicationTests in 1.563 seconds (JVM running for 2.65)
]]></system-out>
  <system-err><![CDATA[]]></system-err>
</testsuite>
